<?xml version="1.0" encoding="UTF-8"?>
<!-- Generated by org.testng.reporters.JUnitReportReporter -->
<testsuite hostname="DESKTOP-87HE5SR" failures="0" tests="11" name="testcases.PermissionTest" time="0.002" errors="1" timestamp="2022-11-30T10:50:32 IST" skipped="10">
  <testcase classname="testcases.PermissionTest" name="testConnNone" time="0.000">
    <skipped/>
  </testcase> <!-- testConnNone -->
  <system-out/>
  <testcase classname="testcases.PermissionTest" name="testConnUseOnly" time="0.000">
    <skipped/>
  </testcase> <!-- testConnUseOnly -->
  <system-out/>
  <testcase classname="testcases.PermissionTest" name="testGroupConnUseonly" time="0.000">
    <skipped/>
  </testcase> <!-- testGroupConnUseonly -->
  <system-out/>
  <testcase classname="testcases.PermissionTest" name="testGroupConnNone" time="0.000">
    <skipped/>
  </testcase> <!-- testGroupConnNone -->
  <system-out/>
  <testcase classname="testcases.PermissionTest" name="setUp" time="0.002">
    <error message="C:\Users\Vinayak%20Hene\git\UbuntuSmokeAutomation\target\classes\Automation.xlsx (The system cannot find the path specified)" type="java.io.FileNotFoundException">
      <![CDATA[java.io.FileNotFoundException: C:\Users\Vinayak%20Hene\git\UbuntuSmokeAutomation\target\classes\Automation.xlsx (The system cannot find the path specified)
at java.base/java.io.FileInputStream.open0(Native Method)
at java.base/java.io.FileInputStream.open(FileInputStream.java:219)
at java.base/java.io.FileInputStream.<init>(FileInputStream.java:157)
at java.base/java.io.FileInputStream.<init>(FileInputStream.java:112)
at testcases.PermissionTest.setUp(PermissionTest.java:55)
at java.base/jdk.internal.reflect.NativeMethodAccessorImpl.invoke0(Native Method)
at java.base/jdk.internal.reflect.NativeMethodAccessorImpl.invoke(NativeMethodAccessorImpl.java:62)
at java.base/jdk.internal.reflect.DelegatingMethodAccessorImpl.invoke(DelegatingMethodAccessorImpl.java:43)
at java.base/java.lang.reflect.Method.invoke(Method.java:566)
at org.testng.internal.MethodInvocationHelper.invokeMethod(MethodInvocationHelper.java:132)
at org.testng.internal.MethodInvocationHelper.invokeMethodConsideringTimeout(MethodInvocationHelper.java:61)
at org.testng.internal.ConfigInvoker.invokeConfigurationMethod(ConfigInvoker.java:366)
at org.testng.internal.ConfigInvoker.invokeConfigurations(ConfigInvoker.java:320)
at org.testng.internal.TestInvoker.runConfigMethods(TestInvoker.java:701)
at org.testng.internal.TestInvoker.invokeMethod(TestInvoker.java:527)
at org.testng.internal.TestInvoker.invokeTestMethod(TestInvoker.java:174)
at org.testng.internal.MethodRunner.runInSequence(MethodRunner.java:46)
at org.testng.internal.TestInvoker$MethodInvocationAgent.invoke(TestInvoker.java:822)
at org.testng.internal.TestInvoker.invokeTestMethods(TestInvoker.java:147)
at org.testng.internal.TestMethodWorker.invokeTestMethods(TestMethodWorker.java:146)
at org.testng.internal.TestMethodWorker.run(TestMethodWorker.java:128)
at java.base/java.util.ArrayList.forEach(ArrayList.java:1541)
at org.testng.TestRunner.privateRun(TestRunner.java:764)
at org.testng.TestRunner.run(TestRunner.java:585)
at org.testng.SuiteRunner.runTest(SuiteRunner.java:384)
at org.testng.SuiteRunner.runSequentially(SuiteRunner.java:378)
at org.testng.SuiteRunner.privateRun(SuiteRunner.java:337)
at org.testng.SuiteRunner.run(SuiteRunner.java:286)
at org.testng.SuiteRunnerWorker.runSuite(SuiteRunnerWorker.java:53)
at org.testng.SuiteRunnerWorker.run(SuiteRunnerWorker.java:96)
at org.testng.TestNG.runSuitesSequentially(TestNG.java:1218)
at org.testng.TestNG.runSuitesLocally(TestNG.java:1140)
at org.testng.TestNG.runSuites(TestNG.java:1069)
at org.testng.TestNG.run(TestNG.java:1037)
at org.testng.remote.AbstractRemoteTestNG.run(AbstractRemoteTestNG.java:115)
at org.testng.remote.RemoteTestNG.initAndRun(RemoteTestNG.java:251)
at org.testng.remote.RemoteTestNG.main(RemoteTestNG.java:77)
]]>
    </error>
  </testcase> <!-- setUp -->
  <system-out/>
  <testcase classname="testcases.PermissionTest" name="testGroupEditorPrem" time="0.000">
    <skipped/>
  </testcase> <!-- testGroupEditorPrem -->
  <system-out/>
  <testcase classname="testcases.PermissionTest" name="testGroupPreviewPrem" time="0.000">
    <skipped/>
  </testcase> <!-- testGroupPreviewPrem -->
  <system-out/>
  <testcase classname="testcases.PermissionTest" name="testGroupNonePrem" time="0.000">
    <skipped/>
  </testcase> <!-- testGroupNonePrem -->
  <system-out/>
  <testcase classname="testcases.PermissionTest" name="testNone" time="0.000">
    <skipped/>
  </testcase> <!-- testNone -->
  <system-out/>
  <testcase classname="testcases.PermissionTest" name="testPreviewOnly" time="0.000">
    <skipped/>
  </testcase> <!-- testPreviewOnly -->
  <system-out/>
  <testcase classname="testcases.PermissionTest" name="testEditor" time="0.000">
    <skipped/>
  </testcase> <!-- testEditor -->
  <system-out/>
</testsuite> <!-- testcases.PermissionTest -->
