<?xml version="1.0" encoding="UTF-8"?>
<!-- Generated by org.testng.reporters.JUnitReportReporter -->
<testsuite hostname="DESKTOP-87HE5SR" failures="0" tests="2" name="testcases.Demo_addUserTest" time="91.782" errors="0" timestamp="2022-12-13T18:05:43 IST" skipped="0">
  <testcase classname="testcases.Demo_addUserTest" name="LoginUser" time="39.180"/>
  <system-out/>
  <testcase classname="testcases.Demo_addUserTest" name="AddUser" time="52.602"/>
  <system-out/>
</testsuite> <!-- testcases.Demo_addUserTest -->
