<?xml version="1.0" encoding="UTF-8"?>
<!-- Generated by org.testng.reporters.JUnitReportReporter -->
<testsuite hostname="DESKTOP-2SJV0LG" failures="0" tests="2" name="testcases.AddUserTest" time="88.942" errors="0" timestamp="2022-11-24T12:33:16 IST" skipped="0">
  <testcase classname="testcases.AddUserTest" name="AddUser" time="52.639"/>
  <system-out/>
  <testcase classname="testcases.AddUserTest" name="LoginUser" time="36.303"/>
  <system-out/>
</testsuite> <!-- testcases.AddUserTest -->
