<?xml version="1.0" encoding="UTF-8"?>
<!-- Generated by org.testng.reporters.JUnitReportReporter -->
<testsuite hostname="DESKTOP-2SJV0LG" failures="0" tests="10" name="testcases.PermissionTest" time="731.406" errors="0" timestamp="2022-11-24T12:33:16 IST" skipped="0">
  <testcase classname="testcases.PermissionTest" name="testGroupConnUseonly" time="113.577"/>
  <system-out/>
  <testcase classname="testcases.PermissionTest" name="testConnNone" time="49.280"/>
  <system-out/>
  <testcase classname="testcases.PermissionTest" name="testGroupConnNone" time="52.856"/>
  <system-out/>
  <testcase classname="testcases.PermissionTest" name="testConnUseOnly" time="49.996"/>
  <system-out/>
  <testcase classname="testcases.PermissionTest" name="testGroupEditorPrem" time="143.434"/>
  <system-out/>
  <testcase classname="testcases.PermissionTest" name="testGroupPreviewPrem" time="84.233"/>
  <system-out/>
  <testcase classname="testcases.PermissionTest" name="testGroupNonePrem" time="22.157"/>
  <system-out/>
  <testcase classname="testcases.PermissionTest" name="testNone" time="56.753"/>
  <system-out/>
  <testcase classname="testcases.PermissionTest" name="testPreviewOnly" time="79.827"/>
  <system-out/>
  <testcase classname="testcases.PermissionTest" name="testEditor" time="79.293"/>
  <system-out/>
</testsuite> <!-- testcases.PermissionTest -->
