<?xml version="1.0" encoding="UTF-8"?>
<!-- Generated by org.testng.reporters.JUnitReportReporter -->
<testsuite hostname="DESKTOP-2SJV0LG" failures="0" tests="19" name="testcases.ApplicationTest" time="2260.818" errors="0" timestamp="2022-11-24T12:33:16 IST" skipped="1">
  <testcase classname="testcases.ApplicationTest" name="checkUpdateAppGit" time="98.156"/>
  <system-out/>
  <testcase classname="testcases.ApplicationTest" name="checkUpdateAppGit" time="39.220">
    <skipped/>
  </testcase> <!-- checkUpdateAppGit -->
  <system-out/>
  <testcase classname="testcases.ApplicationTest" name="checkGitPull" time="122.290"/>
  <system-out/>
  <testcase classname="testcases.ApplicationTest" name="checkGitPush" time="125.748"/>
  <system-out/>
  <testcase classname="testcases.ApplicationTest" name="createApp" time="68.205"/>
  <system-out/>
  <testcase classname="testcases.ApplicationTest" name="addControls" time="182.407"/>
  <system-out/>
  <testcase classname="testcases.ApplicationTest" name="addMongoConnector" time="112.494"/>
  <system-out/>
  <testcase classname="testcases.ApplicationTest" name="addPostgreConnector" time="182.111"/>
  <system-out/>
  <testcase classname="testcases.ApplicationTest" name="addAutoApi" time="181.880"/>
  <system-out/>
  <testcase classname="testcases.ApplicationTest" name="addGraphQL" time="182.065"/>
  <system-out/>
  <testcase classname="testcases.ApplicationTest" name="CheckPreview" time="135.650"/>
  <system-out/>
  <testcase classname="testcases.ApplicationTest" name="CheckPublish" time="136.326"/>
  <system-out/>
  <testcase classname="testcases.ApplicationTest" name="CheckAppImport" time="84.396"/>
  <system-out/>
  <testcase classname="testcases.ApplicationTest" name="checkGitAppImport" time="81.531"/>
  <system-out/>
  <testcase classname="testcases.ApplicationTest" name="addCheckSSHKey" time="15.384"/>
  <system-out/>
  <testcase classname="testcases.ApplicationTest" name="checkUpdateAppJson" time="75.024"/>
  <system-out/>
  <testcase classname="testcases.ApplicationTest" name="checkAppExport" time="110.200"/>
  <system-out/>
  <testcase classname="testcases.ApplicationTest" name="checkAPicall" time="164.374"/>
  <system-out/>
  <testcase classname="testcases.ApplicationTest" name="checkApiCallOAuth1" time="163.357"/>
  <system-out/>
</testsuite> <!-- testcases.ApplicationTest -->
