<?xml version="1.0" encoding="UTF-8"?>
<!-- Generated by org.testng.reporters.JUnitReportReporter -->
<testsuite hostname="DESKTOP-87HE5SR" failures="0" tests="2" name="testcases.AddUserTest" time="93.583" errors="0" timestamp="2022-12-14T12:35:17 IST" skipped="0">
  <testcase classname="testcases.AddUserTest" name="LoginUser" time="43.351"/>
  <system-out/>
  <testcase classname="testcases.AddUserTest" name="AddUser" time="50.232"/>
  <system-out/>
</testsuite> <!-- testcases.AddUserTest -->
