<?xml version="1.0" encoding="UTF-8"?>
<!-- Generated by org.testng.reporters.JUnitReportReporter -->
<testsuite hostname="DESKTOP-2SJV0LG" failures="0" tests="2" name="testcases.HeadFullTestCases" time="145.761" errors="0" timestamp="2022-11-24T12:33:16 IST" skipped="0">
  <testcase classname="testcases.HeadFullTestCases" name="checkApiOAuth1" time="65.838"/>
  <system-out/>
  <testcase classname="testcases.HeadFullTestCases" name="checkApiOAuth2" time="79.923"/>
  <system-out/>
</testsuite> <!-- testcases.HeadFullTestCases -->
