<?xml version="1.0" encoding="UTF-8"?>
<!-- Generated by org.testng.reporters.JUnitReportReporter -->
<testsuite hostname="DESKTOP-2SJV0LG" failures="0" tests="12" name="testcases.ConnectorsTest" time="424.129" errors="0" timestamp="2022-11-24T12:33:16 IST" skipped="0">
  <testcase classname="testcases.ConnectorsTest" name="connectionAddApi" time="37.179"/>
  <system-out/>
  <testcase classname="testcases.ConnectorsTest" name="connectionAddApi" time="29.885"/>
  <system-out/>
  <testcase classname="testcases.ConnectorsTest" name="connectionTestApi" time="76.770"/>
  <system-out/>
  <testcase classname="testcases.ConnectorsTest" name="connectionSaveApi" time="93.692"/>
  <system-out/>
  <testcase classname="testcases.ConnectorsTest" name="connectionTestApi" time="19.173"/>
  <system-out/>
  <testcase classname="testcases.ConnectorsTest" name="connectionSaveApi" time="40.301"/>
  <system-out/>
  <testcase classname="testcases.ConnectorsTest" name="connectionTest" time="19.288"/>
  <system-out/>
  <testcase classname="testcases.ConnectorsTest" name="connectionTest" time="20.834"/>
  <system-out/>
  <testcase classname="testcases.ConnectorsTest" name="saveConnection" time="20.276"/>
  <system-out/>
  <testcase classname="testcases.ConnectorsTest" name="saveConnection" time="20.851"/>
  <system-out/>
  <testcase classname="testcases.ConnectorsTest" name="addQuery" time="21.318"/>
  <system-out/>
  <testcase classname="testcases.ConnectorsTest" name="addQuery" time="24.562"/>
  <system-out/>
</testsuite> <!-- testcases.ConnectorsTest -->
