<?xml version="1.0" encoding="UTF-8"?>
<!-- Generated by org.testng.reporters.JUnitReportReporter -->
<testsuite hostname="DESKTOP-SVJDG53" failures="0" tests="1" name="testcases.GoogleSheetTest" time="122.564" errors="0" timestamp="2022-08-19T16:51:42 IST" skipped="0">
  <testcase classname="testcases.GoogleSheetTest" name="checkApiOAuth2" time="122.564"/>
  <system-out/>
</testsuite> <!-- testcases.GoogleSheetTest -->
